<?xml version="1.0" encoding="UTF-8"?>
<!-- Generated by org.testng.reporters.JUnitXMLReporter -->
<testsuite ignored="0" hostname="DESKTOP-95GUOUG" failures="0" tests="3" name="Test" time="0.074" errors="0" timestamp="2023-04-08T18:56:23 IST">
  <testcase classname="firsttestngpackage.FirstTestNGZFile" name="SecondTest" time="0.018"/>
  <testcase classname="firsttestngpackage.FirstTestNGZFile" name="demo" time="0.003"/>
  <testcase classname="firsttestngpackage.Day2" name="demo" time="0.001"/>
</testsuite> <!-- Test -->
