<?xml version="1.0" encoding="UTF-8"?>
<!-- Generated by org.testng.reporters.JUnitXMLReporter -->
<testsuite ignored="2" hostname="DESKTOP-95GUOUG" failures="0" tests="5" name="Car Loan" time="0.097" errors="0" timestamp="2023-04-13T18:16:50 IST">
  <testcase classname="firsttestngpackage.Day4" name="mobileLoginCarLoan" time="0.011"/>
  <testcase classname="firsttestngpackage.Day4" name="mobileLoginCarLoan" time="0.002"/>
  <testcase classname="firsttestngpackage.Day4" name="mobileLoginCarLoan" time="0.002"/>
  <testcase classname="firsttestngpackage.Day4" name="mobileSignOutCarLoan" time="0.002"/>
  <testcase classname="firsttestngpackage.Day4" name="webLoginCarLoan" time="0.002"/>
  <testcase classname="firsttestngpackage.Day4" name="APICarLoan" time="0.0">
    <ignored/>
  </testcase> <!-- APICarLoan -->
  <testcase classname="firsttestngpackage.Day4" name="mobileSignInCarLoan" time="0.0">
    <ignored/>
  </testcase> <!-- mobileSignInCarLoan -->
</testsuite> <!-- Car Loan -->
