<?xml version="1.0" encoding="UTF-8"?>
<!-- Generated by org.testng.reporters.JUnitXMLReporter -->
<testsuite ignored="8" hostname="DESKTOP-95GUOUG" failures="0" tests="3" name="Regression" time="0.089" errors="0" timestamp="2023-04-12T18:28:56 IST">
  <testcase classname="firsttestngpackage.Day2" name="demo" time="0.017"/>
  <testcase classname="firsttestngpackage.Day3" name="mobileLoginHomeLoan" time="0.002"/>
  <testcase classname="firsttestngpackage.Day4" name="mobileSignOutCarLoan" time="0.002"/>
  <testcase classname="firsttestngpackage.FirstTestNGZFile" name="SecondTest" time="0.0">
    <ignored/>
  </testcase> <!-- SecondTest -->
  <testcase classname="firsttestngpackage.FirstTestNGZFile" name="demo" time="0.0">
    <ignored/>
  </testcase> <!-- demo -->
  <testcase classname="firsttestngpackage.Day4" name="webLoginCarLoan" time="0.0">
    <ignored/>
  </testcase> <!-- webLoginCarLoan -->
  <testcase classname="firsttestngpackage.Day3" name="loginAPIHomeLoan" time="0.0">
    <ignored/>
  </testcase> <!-- loginAPIHomeLoan -->
  <testcase classname="firsttestngpackage.Day3" name="webLoginHomeLoan" time="0.0">
    <ignored/>
  </testcase> <!-- webLoginHomeLoan -->
  <testcase classname="firsttestngpackage.Day4" name="APICarLoan" time="0.0">
    <ignored/>
  </testcase> <!-- APICarLoan -->
  <testcase classname="firsttestngpackage.Day4" name="mobileSignInCarLoan" time="0.0">
    <ignored/>
  </testcase> <!-- mobileSignInCarLoan -->
  <testcase classname="firsttestngpackage.Day4" name="mobileLoginCarLoan" time="0.0">
    <ignored/>
  </testcase> <!-- mobileLoginCarLoan -->
</testsuite> <!-- Regression -->
